c:\users\usuario\onedrive - universidad peruana de ciencias\desktop\u\ciclo-4\algoritmos\pc2\pc2\pc2\debug\pc2.pch
c:\users\usuario\onedrive - universidad peruana de ciencias\desktop\u\ciclo-4\algoritmos\pc2\pc2\pc2\debug\vc142.pdb
c:\users\usuario\onedrive - universidad peruana de ciencias\desktop\u\ciclo-4\algoritmos\pc2\pc2\pc2\debug\pch.obj
c:\users\usuario\onedrive - universidad peruana de ciencias\desktop\u\ciclo-4\algoritmos\pc2\pc2\pc2\debug\pc2.obj
c:\users\usuario\onedrive - universidad peruana de ciencias\desktop\u\ciclo-4\algoritmos\pc2\pc2\pc2\debug\assemblyinfo.obj
c:\users\usuario\onedrive - universidad peruana de ciencias\desktop\u\ciclo-4\algoritmos\pc2\pc2\pc2\debug\.netframework,version=v4.7.2.assemblyattributes.obj
c:\users\usuario\onedrive - universidad peruana de ciencias\desktop\u\ciclo-4\algoritmos\pc2\pc2\debug\pc2.exe
c:\users\usuario\onedrive - universidad peruana de ciencias\desktop\u\ciclo-4\algoritmos\pc2\pc2\debug\pc2.pdb
c:\users\usuario\onedrive - universidad peruana de ciencias\desktop\u\ciclo-4\algoritmos\pc2\pc2\pc2\debug\app.res
c:\users\usuario\onedrive - universidad peruana de ciencias\desktop\u\ciclo-4\algoritmos\pc2\pc2\pc2\debug\pc2.tlog\cl.command.1.tlog
c:\users\usuario\onedrive - universidad peruana de ciencias\desktop\u\ciclo-4\algoritmos\pc2\pc2\pc2\debug\pc2.tlog\cl.read.1.tlog
c:\users\usuario\onedrive - universidad peruana de ciencias\desktop\u\ciclo-4\algoritmos\pc2\pc2\pc2\debug\pc2.tlog\cl.write.1.tlog
c:\users\usuario\onedrive - universidad peruana de ciencias\desktop\u\ciclo-4\algoritmos\pc2\pc2\pc2\debug\pc2.tlog\link.command.1.tlog
c:\users\usuario\onedrive - universidad peruana de ciencias\desktop\u\ciclo-4\algoritmos\pc2\pc2\pc2\debug\pc2.tlog\link.read.1.tlog
c:\users\usuario\onedrive - universidad peruana de ciencias\desktop\u\ciclo-4\algoritmos\pc2\pc2\pc2\debug\pc2.tlog\link.write.1.tlog
c:\users\usuario\onedrive - universidad peruana de ciencias\desktop\u\ciclo-4\algoritmos\pc2\pc2\pc2\debug\pc2.tlog\metagen.read.1.tlog
c:\users\usuario\onedrive - universidad peruana de ciencias\desktop\u\ciclo-4\algoritmos\pc2\pc2\pc2\debug\pc2.tlog\metagen.write.1.tlog
c:\users\usuario\onedrive - universidad peruana de ciencias\desktop\u\ciclo-4\algoritmos\pc2\pc2\pc2\debug\pc2.tlog\rc.command.1.tlog
c:\users\usuario\onedrive - universidad peruana de ciencias\desktop\u\ciclo-4\algoritmos\pc2\pc2\pc2\debug\pc2.tlog\rc.read.1.tlog
c:\users\usuario\onedrive - universidad peruana de ciencias\desktop\u\ciclo-4\algoritmos\pc2\pc2\pc2\debug\pc2.tlog\rc.write.1.tlog
