c:\users\usuario\onedrive - universidad peruana de ciencias\desktop\u\ciclo-4\algoritmos\tf\tf\tf\x64\debug\tf.pch
c:\users\usuario\onedrive - universidad peruana de ciencias\desktop\u\ciclo-4\algoritmos\tf\tf\tf\x64\debug\vc142.pdb
c:\users\usuario\onedrive - universidad peruana de ciencias\desktop\u\ciclo-4\algoritmos\tf\tf\tf\x64\debug\pch.obj
c:\users\usuario\onedrive - universidad peruana de ciencias\desktop\u\ciclo-4\algoritmos\tf\tf\tf\x64\debug\tf.obj
c:\users\usuario\onedrive - universidad peruana de ciencias\desktop\u\ciclo-4\algoritmos\tf\tf\tf\x64\debug\assemblyinfo.obj
c:\users\usuario\onedrive - universidad peruana de ciencias\desktop\u\ciclo-4\algoritmos\tf\tf\tf\x64\debug\.netframework,version=v4.7.2.assemblyattributes.obj
c:\users\usuario\onedrive - universidad peruana de ciencias\desktop\u\ciclo-4\algoritmos\tf\tf\x64\debug\tf.exe
c:\users\usuario\onedrive - universidad peruana de ciencias\desktop\u\ciclo-4\algoritmos\tf\tf\x64\debug\tf.pdb
c:\users\usuario\onedrive - universidad peruana de ciencias\desktop\u\ciclo-4\algoritmos\tf\tf\tf\x64\debug\app.res
c:\users\usuario\onedrive - universidad peruana de ciencias\desktop\u\ciclo-4\algoritmos\tf\tf\tf\x64\debug\tf.tlog\cl.command.1.tlog
c:\users\usuario\onedrive - universidad peruana de ciencias\desktop\u\ciclo-4\algoritmos\tf\tf\tf\x64\debug\tf.tlog\cl.read.1.tlog
c:\users\usuario\onedrive - universidad peruana de ciencias\desktop\u\ciclo-4\algoritmos\tf\tf\tf\x64\debug\tf.tlog\cl.write.1.tlog
c:\users\usuario\onedrive - universidad peruana de ciencias\desktop\u\ciclo-4\algoritmos\tf\tf\tf\x64\debug\tf.tlog\link.command.1.tlog
c:\users\usuario\onedrive - universidad peruana de ciencias\desktop\u\ciclo-4\algoritmos\tf\tf\tf\x64\debug\tf.tlog\link.read.1.tlog
c:\users\usuario\onedrive - universidad peruana de ciencias\desktop\u\ciclo-4\algoritmos\tf\tf\tf\x64\debug\tf.tlog\link.write.1.tlog
c:\users\usuario\onedrive - universidad peruana de ciencias\desktop\u\ciclo-4\algoritmos\tf\tf\tf\x64\debug\tf.tlog\metagen.read.1.tlog
c:\users\usuario\onedrive - universidad peruana de ciencias\desktop\u\ciclo-4\algoritmos\tf\tf\tf\x64\debug\tf.tlog\metagen.write.1.tlog
c:\users\usuario\onedrive - universidad peruana de ciencias\desktop\u\ciclo-4\algoritmos\tf\tf\tf\x64\debug\tf.tlog\rc.command.1.tlog
c:\users\usuario\onedrive - universidad peruana de ciencias\desktop\u\ciclo-4\algoritmos\tf\tf\tf\x64\debug\tf.tlog\rc.read.1.tlog
c:\users\usuario\onedrive - universidad peruana de ciencias\desktop\u\ciclo-4\algoritmos\tf\tf\tf\x64\debug\tf.tlog\rc.write.1.tlog
